-------------------------------------------------------------------------------
Test set: com.murex.retail.experience.ComputerComponentTest
-------------------------------------------------------------------------------
Tests run: 1, Failures: 0, Errors: 1, Skipped: 0, Time elapsed: 0 s <<< FAILURE! - in com.murex.retail.experience.ComputerComponentTest
test_get_all_untested_component_attributes  Time elapsed: 0 s  <<< ERROR!
java.lang.NullPointerException
	at com.murex.retail.experience.ComputerComponentTest.test_get_all_untested_component_attributes(ComputerComponentTest.java:16)

